1
D: - 2965 1936 2085 - - 1447 - 3857 - 1277 2419 2072 3425 - 1435 - - 1534 2430 2343 - 444 4867 - - - 3770 2367 - 3203 - - - - - - - - - * 
P: 41 41 41 41 41 41 41 41 41 41 41 41 41 41 41 41 41 41 41 41 41 41 41 41 41 41 41 41 41 41 41 41 41 41 41 41 41 41 41 41 41 
2
D: 3959 2965 1936 2085 1238 4775 3269 - 3857 - 1296 4582 2072 3425 - 1676 2117 3843 4867 2430 2343 - 444 4867 - - 249 3770 2367 1405 4536 - - - - - 1715 - - 1346 * 
P: 24 41 41 41 24 24 24 41 41 41 24 24 41 41 41 24 24 24 24 41 41 41 41 41 41 41 24 41 41 24 24 41 41 41 41 41 24 41 41 24 41 
3
D: 3959 2965 1936 2085 1354 4775 3269 - 3857 492 2808 4582 2072 3425 4422 1676 3920 3843 4867 2430 4600 1920 3983 4867 4322 - 249 3770 2367 2169 4536 984 - 1844 - - 1715 - - 1346 * 
P: 24 41 41 41 19 24 24 41 41 19 19 24 41 41 19 24 19 24 24 41 19 19 19 41 19 41 24 41 41 19 24 19 41 19 41 41 24 41 41 24 41 
4
D: 3959 2965 1936 2085 1354 4775 3269 - 3857 4775 2808 4582 2072 3425 4422 1676 3920 3843 4867 2430 4600 1920 3983 4867 4322 - 249 3770 2367 4711 4536 1679 1106 2710 946 3866 1715 - - 3197 * 
P: 24 41 41 41 19 24 24 41 41 6 19 24 41 41 19 24 19 24 24 41 19 19 19 41 19 41 24 41 41 6 24 6 6 6 6 6 24 41 41 6 41 
5
D: 3959 2965 3279 2085 1354 4775 3269 2280 3857 4775 2808 4582 2072 3425 4422 1676 3920 3843 4867 3431 4600 1920 4483 4867 4322 1284 249 3770 2367 4711 4536 3661 3849 2710 2577 3866 1715 - - 3197 * 
P: 24 41 10 41 19 24 24 10 41 6 19 24 41 41 19 24 19 24 24 10 19 19 10 41 19 10 24 41 41 6 24 10 10 6 10 6 24 41 41 6 41 
6
D: 3959 2965 3279 2085 1354 4775 3269 2280 3857 4775 2808 4582 2248 4016 4422 4508 3920 3843 4867 3431 4600 1920 4606 4867 4322 1284 249 3770 2367 4711 4536 3661 3849 2710 2577 3866 1938 - 2560 3197 * 
P: 24 41 10 41 19 24 24 10 41 6 19 24 30 30 19 30 19 24 24 10 19 19 30 41 19 10 24 41 41 6 24 10 10 6 10 6 30 41 30 6 41 
7
D: 3959 2965 3279 2085 2373 4775 3269 2280 3857 4775 2808 4582 2248 4016 4422 4544 3920 3843 4867 3431 4600 1920 4606 4867 4322 1284 2057 3770 2367 4711 4536 3661 3849 2779 3978 3866 3880 3305 2560 3197 * 
P: 24 41 10 41 23 24 24 10 41 6 19 24 30 30 19 23 19 24 24 10 19 19 30 41 19 10 23 41 41 6 24 10 10 23 23 6 23 23 30 6 41 
8
D: 3959 2965 3279 2085 4479 4775 3269 2280 3857 4775 2808 4582 4304 4016 4422 4544 3920 3843 4867 3431 4600 1920 4606 4867 4322 1284 3956 3770 4600 4711 4536 3661 3849 3054 3978 4041 3923 3305 2560 3197 * 
P: 24 41 10 41 21 24 24 10 41 6 19 24 21 30 19 23 19 24 24 10 19 19 30 41 19 10 21 41 21 6 24 10 10 21 23 21 21 23 30 6 41 
9
D: 3959 2965 3279 3306 4479 4775 3269 2280 3857 4775 2808 4582 4304 4016 4422 4582 3920 3843 4867 4298 4600 1920 4606 4867 4322 1284 3956 4299 4600 4711 4536 3979 3849 3054 3978 4041 3923 3305 2560 3197 * 
P: 24 41 10 12 21 24 24 10 41 6 19 24 21 30 19 12 19 24 24 12 19 19 30 41 19 10 21 12 21 6 24 12 10 21 23 21 21 23 30 6 41 
10
D: 3959 2965 3871 3306 4479 4775 3269 2280 3857 4775 2808 4582 4304 4016 4422 4582 3920 3843 4867 4298 4600 2291 4606 4867 4322 1284 3956 4299 4600 4711 4536 3979 3849 3054 3978 4041 3923 3305 2560 3197 * 
P: 24 41 16 12 21 24 24 10 41 6 19 24 21 30 19 12 19 24 24 12 19 16 30 41 19 10 21 12 21 6 24 12 10 21 23 21 21 23 30 6 41 
11
D: 3959 2965 3871 3534 4479 4775 3269 2280 3857 4775 2808 4582 4304 4016 4422 4582 3920 3843 4867 4298 4600 2291 4606 4867 4322 1284 3956 4299 4600 4711 4536 3979 3849 3134 3978 4041 3923 3305 2560 3197 * 
P: 24 41 16 31 21 24 24 10 41 6 19 24 21 30 19 12 19 24 24 12 19 16 30 41 19 10 21 12 21 6 24 12 10 31 23 21 21 23 30 6 41 
12
D: 3959 2965 3871 3534 4479 4775 3269 2281 3857 4775 2808 4582 4304 4016 4422 4582 3920 3843 4867 4298 4600 2291 4606 4867 4322 3551 3956 4299 4600 4711 4536 3979 3849 3134 3978 4041 4479 3305 2560 3197 * 
P: 24 41 16 31 21 24 24 5 41 6 19 24 21 30 19 12 19 24 24 12 19 16 30 41 19 5 21 12 21 6 24 12 10 31 23 21 5 23 30 6 41 
13
D: 4417 2965 3871 3534 4479 4775 3269 2281 3857 4775 2808 4582 4304 4016 4422 4582 3920 3843 4867 4298 4600 2291 4606 4867 4322 3551 3956 4299 4600 4711 4536 3979 4422 3134 3978 4041 4479 3305 2560 3197 * 
P: 15 41 16 31 21 24 24 5 41 6 19 24 21 30 19 12 19 24 24 12 19 16 30 41 19 5 21 12 21 6 24 12 15 31 23 21 5 23 30 6 41 
14
D: 4417 2965 3871 3534 4479 4775 4221 2281 3857 4775 3126 4582 4304 4016 4422 4582 3920 4422 4867 4298 4600 2291 4606 4867 4322 3551 3956 4299 4600 4711 4536 3979 4422 3134 3978 4041 4479 3305 2560 3197 * 
P: 15 41 16 31 21 24 33 5 41 6 33 24 21 30 19 12 19 33 24 12 19 16 30 41 19 5 21 12 21 6 24 12 15 31 23 21 5 23 30 6 41 
15
D: 4417 2965 3871 3534 4479 4775 4221 2281 3857 4775 3126 4582 4304 4016 4422 4582 3920 4422 4867 4298 4600 2291 4606 4867 4322 3551 3956 4422 4600 4711 4536 3979 4422 3134 3978 4041 4479 3305 2560 3197 * 
P: 15 41 16 31 21 24 33 5 41 6 33 24 21 30 19 12 19 33 24 12 19 16 30 41 19 5 21 18 21 6 24 12 15 31 23 21 5 23 30 6 41 
16
D: 4417 2965 3871 4422 4479 4775 4221 2281 3857 4775 3126 4582 4304 4016 4422 4582 3920 4422 4867 4298 4600 2291 4606 4867 4322 3551 3956 4422 4600 4711 4536 3979 4422 3134 3978 4041 4479 3305 2560 3197 * 
P: 15 41 16 28 21 24 33 5 41 6 33 24 21 30 19 12 19 33 24 12 19 16 30 41 19 5 21 18 21 6 24 12 15 31 23 21 5 23 30 6 41 
17
D: 4417 2965 3959 4422 4479 4775 4221 2281 4409 4775 3126 4582 4304 4422 4422 4582 3920 4422 4867 4298 4600 4414 4606 4867 4322 3551 3956 4422 4600 4711 4536 4131 4422 3134 3978 4041 4479 3305 2560 3197 * 
P: 15 41 4 28 21 24 33 5 4 6 33 24 21 4 19 12 19 33 24 12 19 4 30 41 19 5 21 18 21 6 24 4 15 31 23 21 5 23 30 6 41 
18
D: 4417 2965 3959 4422 4479 4775 4221 2281 4422 4775 3126 4582 4304 4422 4422 4582 4304 4422 4867 4298 4600 4414 4606 4867 4322 3551 3956 4422 4600 4711 4536 4131 4422 3134 3978 4041 4479 3305 4108 3529 * 
P: 15 41 4 28 21 24 33 5 14 6 33 24 21 4 19 12 14 33 24 12 19 4 30 41 19 5 21 18 21 6 24 4 15 31 23 21 5 23 14 14 41 
19
D: 4417 2965 3959 4422 4479 4775 4221 2281 4422 4775 4422 4582 4304 4422 4422 4582 4304 4422 4867 4298 4600 4414 4606 4867 4322 3551 3956 4422 4600 4711 4536 4131 4422 3134 3978 4041 4479 3305 4108 3529 * 
P: 15 41 4 28 21 24 33 5 14 6 9 24 21 4 19 12 14 33 24 12 19 4 30 41 19 5 21 18 21 6 24 4 15 31 23 21 5 23 14 14 41 
20
D: 4417 2965 3959 4422 4479 4775 4221 4422 4422 4775 4422 4582 4304 4422 4422 4582 4304 4422 4867 4298 4600 4414 4606 4867 4322 4422 3956 4422 4600 4711 4536 4131 4422 3134 3978 4041 4479 3305 4108 3529 * 
P: 15 41 4 28 21 24 33 11 14 6 9 24 21 4 19 12 14 33 24 12 19 4 30 41 19 11 21 18 21 6 24 4 15 31 23 21 5 23 14 14 41 
21
D: 4417 2965 3959 4422 4479 4775 4221 4422 4422 4775 4422 4582 4422 4422 4422 4582 4304 4422 4867 4298 4600 4414 4606 4867 4322 4422 3956 4422 4600 4711 4536 4131 4422 3134 3978 4041 4479 3305 4108 3529 * 
P: 15 41 4 28 21 24 33 11 14 6 9 24 8 4 19 12 14 33 24 12 19 4 30 41 19 11 21 18 21 6 24 4 15 31 23 21 5 23 14 14 41 
22
D: 4417 3741 3959 4422 4479 4775 4221 4422 4422 4775 4422 4582 4422 4422 4422 4582 4304 4422 4867 4298 4600 4414 4606 4867 4322 4422 3956 4422 4600 4711 4536 4131 4422 3134 3978 4041 4479 3305 4108 3529 * 
P: 15 13 4 28 21 24 33 11 14 6 9 24 8 4 19 12 14 33 24 12 19 4 30 41 19 11 21 18 21 6 24 4 15 31 23 21 5 23 14 14 41 
23
D: 4417 3741 3959 4422 4479 4775 4244 4422 4422 4775 4422 4582 4422 4422 4422 4582 4304 4422 4867 4298 4600 4414 4606 4867 4322 4422 3956 4422 4600 4711 4536 4131 4422 3134 3978 4041 4479 3305 4108 3529 * 
P: 15 13 4 28 21 24 26 11 14 6 9 24 8 4 19 12 14 33 24 12 19 4 30 41 19 11 21 18 21 6 24 4 15 31 23 21 5 23 14 14 41 
24
D: 4417 3741 3959 4422 4479 4775 4244 4422 4422 4775 4422 4582 4422 4422 4422 4582 4304 4422 4867 4298 4600 4414 4606 4867 4322 4422 3956 4422 4600 4711 4536 4131 4422 4414 3978 4041 4479 3305 4108 3529 * 
P: 15 13 4 28 21 24 26 11 14 6 9 24 8 4 19 12 14 33 24 12 19 4 30 41 19 11 21 18 21 6 24 4 15 22 23 21 5 23 14 14 41 
25
D: 4417 4175 4143 4422 4479 4775 4244 4422 4422 4775 4422 4582 4422 4422 4422 4582 4304 4422 4867 4298 4600 4414 4606 4867 4322 4422 3956 4422 4600 4711 4536 4131 4422 4414 3978 4414 4479 3305 4108 3529 * 
P: 15 34 34 28 21 24 26 11 14 6 9 24 8 4 19 12 14 33 24 12 19 4 30 41 19 11 21 18 21 6 24 4 15 22 23 34 5 23 14 14 41 
26
D: 4417 4175 4143 4422 4479 4775 4244 4422 4422 4775 4422 4582 4422 4422 4422 4582 4304 4422 4867 4298 4600 4414 4606 4867 4322 4422 3956 4422 4600 4711 4536 4131 4422 4414 4414 4414 4479 3305 4108 3529 * 
P: 15 34 34 28 21 24 26 11 14 6 9 24 8 4 19 12 14 33 24 12 19 4 30 41 19 11 21 18 21 6 24 4 15 22 36 34 5 23 14 14 41 
27
D: 4417 4175 4143 4422 4479 4775 4244 4422 4422 4775 4422 4582 4422 4422 4422 4582 4304 4422 4867 4322 4600 4414 4606 4867 4322 4422 3956 4422 4600 4711 4536 4131 4422 4414 4414 4414 4479 3305 4108 3529 * 
P: 15 34 34 28 21 24 26 11 14 6 9 24 8 4 19 12 14 33 24 25 19 4 30 41 19 11 21 18 21 6 24 4 15 22 36 34 5 23 14 14 41 
28
D: 4417 4175 4143 4422 4479 4775 4244 4422 4422 4775 4422 4582 4422 4422 4422 4582 4304 4422 4867 4322 4600 4414 4606 4867 4322 4422 3956 4422 4600 4711 4536 4131 4422 4414 4414 4414 4479 3305 4108 3972 * 
P: 15 34 34 28 21 24 26 11 14 6 9 24 8 4 19 12 14 33 24 25 19 4 30 41 19 11 21 18 21 6 24 4 15 22 36 34 5 23 14 20 41 
29
D: 4417 4229 4143 4422 4479 4775 4244 4422 4422 4775 4422 4582 4422 4422 4422 4582 4304 4422 4867 4322 4600 4414 4606 4867 4322 4422 3956 4422 4600 4711 4536 4131 4422 4414 4414 4414 4479 3305 4108 3972 * 
P: 15 17 34 28 21 24 26 11 14 6 9 24 8 4 19 12 14 33 24 25 19 4 30 41 19 11 21 18 21 6 24 4 15 22 36 34 5 23 14 20 41 
30
D: 4417 4229 4143 4422 4479 4775 4244 4422 4422 4775 4422 4582 4422 4422 4422 4582 4304 4422 4867 4322 4600 4414 4606 4867 4322 4422 3956 4422 4600 4711 4536 4131 4422 4414 4414 4414 4479 4131 4108 3972 * 
P: 15 17 34 28 21 24 26 11 14 6 9 24 8 4 19 12 14 33 24 25 19 4 30 41 19 11 21 18 21 6 24 4 15 22 36 34 5 32 14 20 41 
31
D: 4417 4229 4143 4422 4479 4775 4244 4422 4422 4775 4422 4582 4422 4422 4422 4582 4304 4422 4867 4322 4600 4414 4606 4867 4322 4422 4131 4422 4600 4711 4536 4131 4422 4414 4414 4414 4479 4131 4108 3972 * 
P: 15 17 34 28 21 24 26 11 14 6 9 24 8 4 19 12 14 33 24 25 19 4 30 41 19 11 38 18 21 6 24 4 15 22 36 34 5 32 14 20 41 
