12 24 29 35 
9 17 39 
2668, 186, 2488, 1677, 7733, 6363, 2604, 439, 2897, 3906, 1429, 2477, 2134, 5554, 1225, 310, 2500, 1278, 242, 4989, 3495, 2695, 5033, 2298, 7880, 588, 2808, 875, 2137, 2658, 4913, 3016, 1717, 2466, 3885, 440, 3543, 1009, 4204, 3564, 73, 5348, 3764, 2254, 7632, 1355, 981, 2925, 397, 2590, 2461, 1230, 795, 5504, 79, 4127, 1343, 583, 437, 5753, 2349, 5942, 4795, 1541, 2313, 1308, 584, 1118, 780, 3202, 4668, 401, 5292, 407, 1843, 1681, 525, 1882, 3686, 567, 1966, 1556, 3479, 4754, 3067, 29, 1301, 635, 3778, 1740, 278, 488, 837, 1640, 3521, 1496, 2881, 2365, 1708, 1088, 40, 694, 811, 1962, 5332, 24, 608
0 0 0 0 0 0 0 0 0 0 0 0 0 0 0 0 1230 0 0 0 0 0 0 0 0 0 0 0 0 0 0 0 0 0 0 0 0 0 0 0 0 0 
0 0 0 0 0 0 0 0 8317 0 0 0 0 0 0 0 2050 0 0 0 0 0 0 0 0 0 0 0 0 0 0 851 0 0 0 0 0 0 9703 0 0 0 
0 0 0 0 0 0 0 0 0 0 0 0 0 0 0 0 0 5693 0 0 0 0 0 0 0 0 0 0 0 0 0 0 0 0 0 0 0 0 0 0 0 0 
0 0 0 0 0 0 0 0 0 0 0 0 0 0 0 0 6363 0 0 0 0 0 0 0 0 0 0 0 0 0 0 0 0 0 0 0 0 0 9383 0 0 0 
0 0 0 0 0 0 0 0 5943 0 0 0 0 0 0 0 79 0 0 0 0 0 0 0 0 0 0 0 0 0 0 0 0 0 0 0 0 0 0 0 0 0 
0 0 0 0 0 0 0 0 3885 0 0 0 0 0 0 0 0 0 0 0 0 0 0 0 0 0 0 0 0 0 0 0 0 0 0 0 0 0 0 0 0 0 
0 0 0 0 0 0 0 0 2897 0 0 0 0 0 0 0 0 2313 0 0 0 0 0 0 0 0 0 0 0 0 0 0 0 0 0 0 0 0 0 0 0 0 
0 3067 0 0 0 0 0 0 0 0 0 0 0 0 0 0 0 0 0 0 0 0 0 0 0 29 0 0 0 0 0 0 0 0 0 0 0 0 8033 0 0 0 
0 0 0 0 0 0 0 0 0 0 0 0 0 0 0 0 0 0 0 0 0 0 0 0 0 0 0 0 0 0 0 0 0 0 0 0 0 0 0 0 0 0 
0 0 0 0 0 0 0 0 0 0 0 0 0 0 0 0 7880 0 0 0 0 0 0 0 0 0 0 0 0 0 0 2656 0 0 0 0 0 0 7480 0 0 0 
0 0 0 0 0 0 0 0 0 0 0 0 0 0 0 0 2808 0 0 0 0 0 0 0 0 0 0 0 0 0 0 5332 0 0 0 0 0 0 2431 0 0 0 
0 7733 0 8967 439 0 5210 3906 0 0 0 0 0 3906 0 2134 0 0 0 0 8087 310 5480 0 4224 0 9657 3495 0 0 0 0 0 0 0 2695 0 0 0 0 5033 0 
0 407 0 0 0 0 0 0 0 3809 1556 0 0 0 0 0 0 0 0 0 0 5415 0 0 0 3778 0 0 0 0 0 0 0 0 0 0 0 0 0 0 0 0 
0 0 0 0 0 0 0 0 1429 0 0 0 0 0 0 0 2477 0 0 0 0 0 0 0 0 0 0 0 0 0 0 0 0 0 0 0 0 0 0 0 0 0 
0 0 0 0 0 0 0 0 0 0 0 0 0 0 0 0 0 1681 0 0 0 0 0 0 0 0 0 0 0 0 0 0 0 0 0 0 0 0 0 0 0 0 
0 0 0 0 0 0 0 0 4222 0 0 0 0 0 0 0 0 0 0 0 0 0 0 0 0 0 0 0 0 0 0 0 0 0 0 0 0 0 3202 0 0 0 
0 0 0 0 0 0 0 0 0 0 0 0 0 0 0 0 0 0 0 0 0 0 0 0 0 0 0 0 0 0 0 0 0 0 0 0 0 0 0 0 0 0 
0 0 0 0 0 0 0 0 9959 0 0 0 0 0 0 0 6973 0 0 0 0 0 0 0 0 0 0 0 0 0 0 0 0 0 0 0 0 0 0 0 0 0 
0 0 0 0 0 0 0 0 0 0 0 0 0 0 0 0 2658 0 0 0 0 0 0 0 0 0 0 0 0 0 0 0 0 0 0 0 0 0 0 0 0 0 
0 40 0 0 0 0 0 0 0 2434 0 0 0 0 0 0 3543 0 0 0 0 0 0 0 0 278 0 0 0 0 0 1325 0 0 0 0 0 0 1592 5161 0 0 
0 0 0 0 0 0 0 0 0 0 0 0 0 0 0 1308 5554 0 0 0 0 0 0 0 0 1496 0 0 0 0 0 24 0 0 0 0 0 0 1225 0 0 0 
0 0 0 0 0 0 0 0 0 0 0 0 0 0 0 0 9294 0 0 0 0 0 0 0 0 0 0 0 0 0 0 0 0 0 0 608 0 0 3516 0 0 0 
0 4109 0 0 0 0 0 0 0 0 0 0 0 0 0 0 2500 0 0 0 0 0 0 0 0 0 0 0 0 0 0 0 0 0 0 0 0 0 1278 0 0 0 
0 0 5693 2298 0 0 0 0 0 8468 3683 0 2250 0 1681 0 2668 2137 2658 0 0 0 2407 0 0 0 0 0 0 9166 3016 0 0 1717 0 0 2466 0 0 0 0 0 
0 0 0 0 0 0 0 0 0 0 0 0 0 0 0 3982 0 0 0 0 0 0 0 0 0 0 0 0 0 0 0 0 0 0 0 0 0 0 242 0 0 0 
0 0 0 0 0 0 0 0 0 0 0 0 0 0 0 0 0 0 0 0 0 0 0 0 0 0 0 0 0 0 0 0 0 0 0 0 0 0 8950 0 0 0 
0 0 0 0 0 0 0 0 0 0 0 0 0 0 0 0 0 4668 0 0 0 0 0 0 0 0 0 0 0 0 0 0 0 0 0 0 0 0 4989 0 0 0 
0 0 0 0 0 0 0 0 9248 0 0 0 0 0 0 0 2349 0 0 0 0 0 0 0 0 0 0 0 0 0 0 0 0 0 0 0 0 0 0 0 0 0 
0 0 0 0 0 3885 0 0 0 0 0 0 7001 0 0 0 0 440 0 4552 0 4204 0 0 0 0 0 0 0 0 3637 0 9112 0 0 9886 2336 0 0 2925 5151 5051 
0 0 0 3686 0 0 0 0 0 0 0 0 0 0 0 0 0 0 0 0 0 0 0 0 0 567 0 0 0 0 0 0 0 0 0 0 0 0 4913 0 0 0 
0 0 0 0 0 0 0 0 0 0 0 0 0 0 0 0 6580 0 0 0 0 0 0 0 0 0 0 0 0 0 0 0 0 0 0 0 0 0 73 0 0 0 
0 0 0 0 0 0 0 0 0 0 0 0 0 0 0 0 6430 0 0 0 0 0 0 0 0 0 0 0 0 0 0 0 0 0 0 0 0 0 9700 0 0 0 
0 0 0 0 0 0 0 0 5348 0 0 0 0 0 0 0 8559 0 0 0 0 0 0 0 0 0 0 0 0 0 0 0 0 0 0 0 0 0 0 0 0 0 
0 0 0 0 0 0 0 0 3258 0 0 0 0 0 0 0 0 0 0 0 0 2881 0 0 0 2365 0 0 0 0 0 0 0 0 0 2796 0 0 0 0 0 0 
1230 0 0 795 5583 0 0 7223 186 1343 0 0 5714 0 0 0 2488 0 0 9821 1496 0 0 0 0 437 0 8102 0 0 0 5942 4795 9583 0 0 0 0 1677 0 8737 0 
0 0 0 0 0 0 0 0 4949 0 0 0 0 0 0 0 9340 0 0 0 0 0 0 0 0 0 0 0 0 0 0 0 0 0 0 0 0 0 1696 0 0 0 
0 0 0 0 0 0 0 0 0 0 0 0 0 0 0 0 3821 0 0 0 0 0 0 0 0 0 0 0 0 0 0 0 0 0 0 0 0 0 981 0 0 0 
0 0 0 0 0 0 0 0 0 0 0 0 0 0 0 0 0 0 0 0 0 0 0 0 0 0 0 0 0 0 0 0 0 0 0 0 0 0 0 0 0 0 
0 0 0 0 0 0 0 0 0 0 0 0 0 0 0 0 0 0 0 0 0 0 0 0 0 0 0 0 0 0 0 0 0 0 0 0 0 0 0 0 0 0 
0 0 0 0 0 0 0 0 4565 0 0 0 0 0 0 0 3521 0 0 0 0 0 0 0 0 0 0 0 0 0 0 0 0 0 0 0 0 0 0 0 0 0 
0 5565 0 0 0 0 0 0 5430 1962 5332 0 0 0 0 0 0 0 0 0 24 608 0 0 0 0 0 0 0 0 0 0 0 0 0 0 0 0 0 0 0 0 
0 0 0 0 0 0 0 0 0 0 0 0 0 0 0 0 2590 0 0 0 0 0 0 0 0 0 0 0 0 0 0 0 0 0 0 0 0 0 2461 0 0 0 
254916
